  [1m[36m (15.0ms)[0m  [1mCREATE TABLE "schema_migrations" ("version" character varying NOT NULL) [0m
  [1m[35m (1.6ms)[0m  CREATE UNIQUE INDEX  "unique_schema_migrations" ON "schema_migrations"  ("version")
  [1m[36mActiveRecord::SchemaMigration Load (0.3ms)[0m  [1mSELECT "schema_migrations".* FROM "schema_migrations"[0m
Migrating to CreateUsers (20150203191032)
  [1m[36mActiveRecord::SchemaMigration Load (0.3ms)[0m  [1mSELECT "schema_migrations".* FROM "schema_migrations"[0m
Migrating to CreateUsers (20150203191032)
  [1m[35m (0.1ms)[0m  BEGIN
  [1m[36m (7.0ms)[0m  [1mCREATE TABLE "users" ("id" serial primary key, "email" character varying NOT NULL, "password_digest" character varying NOT NULL, "session_token" character varying NOT NULL, "created_at" timestamp NOT NULL, "updated_at" timestamp NOT NULL) [0m
  [1m[35mSQL (0.7ms)[0m  INSERT INTO "schema_migrations" ("version") VALUES ($1)  [["version", "20150203191032"]]
  [1m[36m (0.6ms)[0m  [1mCOMMIT[0m
  [1m[35mActiveRecord::SchemaMigration Load (0.2ms)[0m  SELECT "schema_migrations".* FROM "schema_migrations"
  [1m[36m (3.6ms)[0m  [1mSELECT t2.oid::regclass::text AS to_table, a1.attname AS column, a2.attname AS primary_key, c.conname AS name, c.confupdtype AS on_update, c.confdeltype AS on_delete
FROM pg_constraint c
JOIN pg_class t1 ON c.conrelid = t1.oid
JOIN pg_class t2 ON c.confrelid = t2.oid
JOIN pg_attribute a1 ON a1.attnum = c.conkey[1] AND a1.attrelid = t1.oid
JOIN pg_attribute a2 ON a2.attnum = c.confkey[1] AND a2.attrelid = t2.oid
JOIN pg_namespace t3 ON c.connamespace = t3.oid
WHERE c.contype = 'f'
  AND t1.relname = 'users'
  AND t3.nspname = ANY (current_schemas(false))
ORDER BY c.conname
[0m
  [1m[36mActiveRecord::SchemaMigration Load (0.7ms)[0m  [1mSELECT "schema_migrations".* FROM "schema_migrations"[0m
Migrating to AddUsername (20150203193906)
  [1m[35m (0.1ms)[0m  BEGIN
  [1m[36m (2.4ms)[0m  [1mALTER TABLE "users" ADD "username" character varying[0m
  [1m[35m (0.4ms)[0m  ALTER TABLE "users" ALTER COLUMN "username" TYPE character varying
  [1m[36m (0.2ms)[0m  [1mALTER TABLE "users" ALTER "username" SET NOT NULL[0m
  [1m[35mSQL (0.9ms)[0m  INSERT INTO "schema_migrations" ("version") VALUES ($1)  [["version", "20150203193906"]]
  [1m[36m (0.5ms)[0m  [1mCOMMIT[0m
  [1m[35mActiveRecord::SchemaMigration Load (0.2ms)[0m  SELECT "schema_migrations".* FROM "schema_migrations"
  [1m[36m (3.5ms)[0m  [1mSELECT t2.oid::regclass::text AS to_table, a1.attname AS column, a2.attname AS primary_key, c.conname AS name, c.confupdtype AS on_update, c.confdeltype AS on_delete
FROM pg_constraint c
JOIN pg_class t1 ON c.conrelid = t1.oid
JOIN pg_class t2 ON c.confrelid = t2.oid
JOIN pg_attribute a1 ON a1.attnum = c.conkey[1] AND a1.attrelid = t1.oid
JOIN pg_attribute a2 ON a2.attnum = c.confkey[1] AND a2.attrelid = t2.oid
JOIN pg_namespace t3 ON c.connamespace = t3.oid
WHERE c.contype = 'f'
  AND t1.relname = 'users'
  AND t3.nspname = ANY (current_schemas(false))
ORDER BY c.conname
[0m
DEPRECATION WARNING: Defining a route where `to` is a controller without an action is deprecated. Please change `to: :root` to `controller: :root`. (called from block in <top (required)> at /Users/stefanielynch/aa-work/final_project/FlickrClone/config/routes.rb:3)
DEPRECATION WARNING: Defining a route where `to` is a controller without an action is deprecated. Please change `to: :root` to `controller: :root`. (called from block in <top (required)> at /Users/stefanielynch/aa-work/final_project/FlickrClone/config/routes.rb:3)


Started GET "/users" for ::1 at 2015-02-03 14:41:35 -0800
  [1m[36mActiveRecord::SchemaMigration Load (0.6ms)[0m  [1mSELECT "schema_migrations".* FROM "schema_migrations"[0m

AbstractController::ActionNotFound (The action 'index' could not be found for UsersController):
  actionpack (4.2.0) lib/abstract_controller/base.rb:132:in `process'
  actionview (4.2.0) lib/action_view/rendering.rb:30:in `process'
  actionpack (4.2.0) lib/action_controller/metal.rb:195:in `dispatch'
  actionpack (4.2.0) lib/action_controller/metal/rack_delegation.rb:13:in `dispatch'
  actionpack (4.2.0) lib/action_controller/metal.rb:236:in `block in action'
  actionpack (4.2.0) lib/action_dispatch/routing/route_set.rb:73:in `call'
  actionpack (4.2.0) lib/action_dispatch/routing/route_set.rb:73:in `dispatch'
  actionpack (4.2.0) lib/action_dispatch/routing/route_set.rb:42:in `serve'
  actionpack (4.2.0) lib/action_dispatch/journey/router.rb:43:in `block in serve'
  actionpack (4.2.0) lib/action_dispatch/journey/router.rb:30:in `each'
  actionpack (4.2.0) lib/action_dispatch/journey/router.rb:30:in `serve'
  actionpack (4.2.0) lib/action_dispatch/routing/route_set.rb:802:in `call'
  newrelic_rpm (3.9.9.275) lib/new_relic/agent/instrumentation/middleware_tracing.rb:57:in `call'
  newrelic_rpm (3.9.9.275) lib/new_relic/rack/agent_hooks.rb:30:in `traced_call'
  newrelic_rpm (3.9.9.275) lib/new_relic/agent/instrumentation/middleware_tracing.rb:55:in `call'
  newrelic_rpm (3.9.9.275) lib/new_relic/rack/browser_monitoring.rb:23:in `traced_call'
  newrelic_rpm (3.9.9.275) lib/new_relic/agent/instrumentation/middleware_tracing.rb:55:in `call'
  rack (1.6.0) lib/rack/etag.rb:24:in `call'
  newrelic_rpm (3.9.9.275) lib/new_relic/agent/instrumentation/middleware_tracing.rb:57:in `call'
  rack (1.6.0) lib/rack/conditionalget.rb:25:in `call'
  newrelic_rpm (3.9.9.275) lib/new_relic/agent/instrumentation/middleware_tracing.rb:57:in `call'
  rack (1.6.0) lib/rack/head.rb:13:in `call'
  newrelic_rpm (3.9.9.275) lib/new_relic/agent/instrumentation/middleware_tracing.rb:57:in `call'
  actionpack (4.2.0) lib/action_dispatch/middleware/params_parser.rb:27:in `call'
  newrelic_rpm (3.9.9.275) lib/new_relic/agent/instrumentation/middleware_tracing.rb:57:in `call'
  actionpack (4.2.0) lib/action_dispatch/middleware/flash.rb:260:in `call'
  newrelic_rpm (3.9.9.275) lib/new_relic/agent/instrumentation/middleware_tracing.rb:57:in `call'
  rack (1.6.0) lib/rack/session/abstract/id.rb:225:in `context'
  rack (1.6.0) lib/rack/session/abstract/id.rb:220:in `call'
  newrelic_rpm (3.9.9.275) lib/new_relic/agent/instrumentation/middleware_tracing.rb:57:in `call'
  actionpack (4.2.0) lib/action_dispatch/middleware/cookies.rb:560:in `call'
  newrelic_rpm (3.9.9.275) lib/new_relic/agent/instrumentation/middleware_tracing.rb:57:in `call'
  activerecord (4.2.0) lib/active_record/query_cache.rb:36:in `call'
  newrelic_rpm (3.9.9.275) lib/new_relic/agent/instrumentation/middleware_tracing.rb:57:in `call'
  activerecord (4.2.0) lib/active_record/connection_adapters/abstract/connection_pool.rb:647:in `call'
  newrelic_rpm (3.9.9.275) lib/new_relic/agent/instrumentation/middleware_tracing.rb:57:in `call'
  activerecord (4.2.0) lib/active_record/migration.rb:378:in `call'
  newrelic_rpm (3.9.9.275) lib/new_relic/agent/instrumentation/middleware_tracing.rb:57:in `call'
  actionpack (4.2.0) lib/action_dispatch/middleware/callbacks.rb:29:in `block in call'
  activesupport (4.2.0) lib/active_support/callbacks.rb:88:in `call'
  activesupport (4.2.0) lib/active_support/callbacks.rb:88:in `_run_callbacks'
  activesupport (4.2.0) lib/active_support/callbacks.rb:734:in `_run_call_callbacks'
  activesupport (4.2.0) lib/active_support/callbacks.rb:81:in `run_callbacks'
  actionpack (4.2.0) lib/action_dispatch/middleware/callbacks.rb:27:in `call'
  newrelic_rpm (3.9.9.275) lib/new_relic/agent/instrumentation/middleware_tracing.rb:57:in `call'
  actionpack (4.2.0) lib/action_dispatch/middleware/reloader.rb:73:in `call'
  newrelic_rpm (3.9.9.275) lib/new_relic/agent/instrumentation/middleware_tracing.rb:57:in `call'
  actionpack (4.2.0) lib/action_dispatch/middleware/remote_ip.rb:78:in `call'
  newrelic_rpm (3.9.9.275) lib/new_relic/agent/instrumentation/middleware_tracing.rb:57:in `call'
  web-console (2.0.0) lib/action_dispatch/debug_exceptions.rb:18:in `middleware_call'
  web-console (2.0.0) lib/action_dispatch/debug_exceptions.rb:13:in `call'
  newrelic_rpm (3.9.9.275) lib/new_relic/agent/instrumentation/middleware_tracing.rb:57:in `call'
  actionpack (4.2.0) lib/action_dispatch/middleware/show_exceptions.rb:30:in `call'
  newrelic_rpm (3.9.9.275) lib/new_relic/agent/instrumentation/middleware_tracing.rb:57:in `call'
  railties (4.2.0) lib/rails/rack/logger.rb:38:in `call_app'
  railties (4.2.0) lib/rails/rack/logger.rb:20:in `block in call'
  activesupport (4.2.0) lib/active_support/tagged_logging.rb:68:in `block in tagged'
  activesupport (4.2.0) lib/active_support/tagged_logging.rb:26:in `tagged'
  activesupport (4.2.0) lib/active_support/tagged_logging.rb:68:in `tagged'
  railties (4.2.0) lib/rails/rack/logger.rb:20:in `call'
  newrelic_rpm (3.9.9.275) lib/new_relic/agent/instrumentation/middleware_tracing.rb:57:in `call'
  actionpack (4.2.0) lib/action_dispatch/middleware/request_id.rb:21:in `call'
  newrelic_rpm (3.9.9.275) lib/new_relic/agent/instrumentation/middleware_tracing.rb:57:in `call'
  rack (1.6.0) lib/rack/methodoverride.rb:22:in `call'
  newrelic_rpm (3.9.9.275) lib/new_relic/agent/instrumentation/middleware_tracing.rb:57:in `call'
  rack (1.6.0) lib/rack/runtime.rb:18:in `call'
  newrelic_rpm (3.9.9.275) lib/new_relic/agent/instrumentation/middleware_tracing.rb:57:in `call'
  activesupport (4.2.0) lib/active_support/cache/strategy/local_cache_middleware.rb:28:in `call'
  newrelic_rpm (3.9.9.275) lib/new_relic/agent/instrumentation/middleware_tracing.rb:57:in `call'
  rack (1.6.0) lib/rack/lock.rb:17:in `call'
  newrelic_rpm (3.9.9.275) lib/new_relic/agent/instrumentation/middleware_tracing.rb:57:in `call'
  actionpack (4.2.0) lib/action_dispatch/middleware/static.rb:113:in `call'
  newrelic_rpm (3.9.9.275) lib/new_relic/agent/instrumentation/middleware_tracing.rb:57:in `call'
  rack (1.6.0) lib/rack/sendfile.rb:113:in `call'
  newrelic_rpm (3.9.9.275) lib/new_relic/agent/instrumentation/middleware_tracing.rb:57:in `call'
  railties (4.2.0) lib/rails/engine.rb:518:in `call'
  railties (4.2.0) lib/rails/application.rb:164:in `call'
  newrelic_rpm (3.9.9.275) lib/new_relic/agent/instrumentation/middleware_tracing.rb:57:in `call'
  rack (1.6.0) lib/rack/lock.rb:17:in `call'
  rack (1.6.0) lib/rack/content_length.rb:15:in `call'
  rack (1.6.0) lib/rack/handler/webrick.rb:89:in `service'
  /Users/stefanielynch/.rbenv/versions/2.1.2/lib/ruby/2.1.0/webrick/httpserver.rb:138:in `service'
  /Users/stefanielynch/.rbenv/versions/2.1.2/lib/ruby/2.1.0/webrick/httpserver.rb:94:in `run'
  /Users/stefanielynch/.rbenv/versions/2.1.2/lib/ruby/2.1.0/webrick/server.rb:295:in `block in start_thread'


  Rendered /Users/stefanielynch/.rbenv/versions/2.1.2/lib/ruby/gems/2.1.0/gems/web-console-2.0.0/lib/action_dispatch/templates/rescues/unknown_action.html.erb within rescues/layout (1.9ms)


Started GET "/" for ::1 at 2015-02-03 14:41:36 -0800
Processing by RootController#root as HTML
  Rendered root/root.html.erb within layouts/application (0.5ms)
  [1m[35mUser Load (0.9ms)[0m  SELECT  "users".* FROM "users" WHERE "users"."session_token" IS NULL LIMIT 1
Completed 500 Internal Server Error in 582ms

ActionView::Template::Error (undefined local variable or method `new_session_url' for #<#<Class:0x007f99b1ee4dd0>:0x007f99b1eead98>):
    12: <%= current_user.username %>
    13: <%= button_to "Sign Out", session_url, method: :delete %>
    14: <% else %>
    15: <%= button_to "Sign Up", new_session_url, method: :put%>
    16: <%= button_to "Sign Up", new_session_url, method: :put%>
    17: <% end %>
    18: 
  app/views/layouts/application.html.erb:15:in `_app_views_layouts_application_html_erb__3870482924165524761_70149046070560'


  Rendered /Users/stefanielynch/.rbenv/versions/2.1.2/lib/ruby/gems/2.1.0/gems/web-console-2.0.0/lib/action_dispatch/templates/rescues/_source.erb (6.1ms)
  Rendered /Users/stefanielynch/.rbenv/versions/2.1.2/lib/ruby/gems/2.1.0/gems/web-console-2.0.0/lib/action_dispatch/templates/rescues/_trace.html.erb (2.5ms)
  Rendered /Users/stefanielynch/.rbenv/versions/2.1.2/lib/ruby/gems/2.1.0/gems/web-console-2.0.0/lib/action_dispatch/templates/rescues/_request_and_response.html.erb (1.0ms)
  Rendered /Users/stefanielynch/.rbenv/versions/2.1.2/lib/ruby/gems/2.1.0/gems/web-console-2.0.0/lib/action_dispatch/templates/rescues/_web_console.html.erb (0.9ms)
  Rendered /Users/stefanielynch/.rbenv/versions/2.1.2/lib/ruby/gems/2.1.0/gems/web-console-2.0.0/lib/action_dispatch/templates/rescues/template_error.html.erb within rescues/layout (32.3ms)


Started GET "/" for ::1 at 2015-02-03 14:41:54 -0800
Processing by RootController#root as HTML
  Rendered root/root.html.erb within layouts/application (0.1ms)
Completed 200 OK in 44ms (Views: 44.3ms | ActiveRecord: 0.0ms)


Started GET "/assets/root-64e62ddc273c2f5847f30d698ca14b67.css?body=1" for ::1 at 2015-02-03 14:41:54 -0800


Started GET "/assets/sessions-64e62ddc273c2f5847f30d698ca14b67.css?body=1" for ::1 at 2015-02-03 14:41:54 -0800


Started GET "/assets/users-64e62ddc273c2f5847f30d698ca14b67.css?body=1" for ::1 at 2015-02-03 14:41:54 -0800


Started GET "/assets/application-5266d2988799ecc8fe6e81eaab412e7d.css?body=1" for ::1 at 2015-02-03 14:41:54 -0800


Started GET "/assets/jquery-87424c3c19e96d4fb033c10ebe21ec40.js?body=1" for ::1 at 2015-02-03 14:41:54 -0800


Started GET "/assets/jquery_ujs-e27bd20a10d28155845a22d71ef94f2f.js?body=1" for ::1 at 2015-02-03 14:41:54 -0800


Started GET "/assets/root-fcec5b5a277ac7c20cc9f45a209a3bcd.js?body=1" for ::1 at 2015-02-03 14:41:54 -0800


Started GET "/assets/sessions-fcec5b5a277ac7c20cc9f45a209a3bcd.js?body=1" for ::1 at 2015-02-03 14:41:54 -0800


Started GET "/assets/users-fcec5b5a277ac7c20cc9f45a209a3bcd.js?body=1" for ::1 at 2015-02-03 14:41:54 -0800


Started GET "/assets/application-b2ce1b02c64b323b246ebebd980caf45.js?body=1" for ::1 at 2015-02-03 14:41:54 -0800
